2025-07-21 16:39:00 | WARN | repo=learn2power | action=commit
2025-07-27 21:33:00 | DEBUG | repo=learn2power | action=commit
2025-02-09 10:30:00 | DEBUG | repo=learn2power | action=test | passed=true
2025-02-05 20:30:00 | DEBUG | repo=learn2power | action=commit
2025-07-19 07:12:00 | DEBUG | repo=learn2power | action=commit
2025-06-05 07:27:00 | WARN | repo=learn2power | action=commit
2025-08-08 18:06:00 | WARN | repo=learn2power | action=test | passed=true
2025-10-14 07:50:00 | DEBUG | repo=learn2power | action=commit
2025-08-24 08:23:00 | WARN | repo=learn2power | action=commit
2025-12-14 20:08:00 | INFO | repo=learn2power | action=commit
2025-01-18 18:43:00 | WARN | repo=learn2power | action=commit
2025-10-23 14:55:00 | DEBUG | repo=learn2power | action=commit
2025-08-09 08:43:00 | WARN | repo=learn2power | action=commit
2025-04-09 12:17:00 | DEBUG | repo=learn2power | action=commit
2025-07-13 13:08:00 | WARN | repo=learn2power | action=commit
2025-06-20 20:35:00 | WARN | repo=learn2power | action=edit | files=5
2025-09-20 19:45:00 | DEBUG | repo=learn2power | action=commit
2025-03-17 19:06:00 | WARN | repo=learn2power | action=commit
2025-09-22 21:18:00 | INFO | repo=learn2power | action=commit
2025-01-07 09:59:00 | WARN | repo=learn2power | action=commit
2025-12-26 11:20:00 | DEBUG | repo=learn2power | action=commit
2025-08-13 15:29:00 | WARN | repo=learn2power | action=commit
2025-04-25 11:05:00 | DEBUG | repo=learn2power | action=commit
2025-01-21 12:58:00 | INFO | repo=learn2power | action=commit
2025-03-08 18:29:00 | INFO | repo=learn2power | action=commit
2025-01-27 20:05:00 | DEBUG | repo=learn2power | action=commit
2025-01-14 16:31:00 | WARN | repo=learn2power | action=commit
2025-11-06 08:22:00 | WARN | repo=learn2power | action=commit
2025-06-22 09:50:00 | INFO | repo=learn2power | action=commit
2025-08-12 21:44:00 | DEBUG | repo=learn2power | action=commit
2025-10-04 08:27:00 | DEBUG | repo=learn2power | action=commit
2025-01-23 16:41:00 | DEBUG | repo=learn2power | action=commit
2025-02-11 07:57:00 | DEBUG | repo=learn2power | action=commit
2025-10-13 20:24:00 | DEBUG | repo=learn2power | action=pull
2025-06-14 16:25:00 | INFO | repo=learn2power | action=commit
2025-06-21 07:43:00 | DEBUG | repo=learn2power | action=pull
2025-08-27 10:32:00 | WARN | repo=learn2power | action=commit
2025-04-18 08:12:00 | WARN | repo=learn2power | action=commit
2025-08-19 08:44:00 | WARN | repo=learn2power | action=commit
2025-06-22 14:13:00 | WARN | repo=learn2power | action=commit
